<?xml version="1.0" encoding="utf-8"?><testsuites name="pytest tests"><testsuite name="pytest" errors="0" failures="0" skipped="0" tests="7" time="3.242" timestamp="2026-06-26T14:04:19.625609+00:00" hostname="agent-env-25d3eba6-dd70-4807-8eef-ac0e50fdd229"><testcase classname="backend.tests.test_iteration11.TestPOExtractor" name="test_extract_xlsx_deterministic" time="0.513" /><testcase classname="backend.tests.test_iteration11.TestPackingListDefault" name="test_default_packing_list" time="0.157" /><testcase classname="backend.tests.test_iteration11.TestPackingListJob" name="test_packing_for_jobs" time="0.181" /><testcase classname="backend.tests.test_iteration11.TestPackingTemplates" name="test_crud" time="0.402" /><testcase classname="backend.tests.test_iteration11.TestAutoArchive" name="test_auto_archive_flow" time="0.914" /><testcase classname="backend.tests.test_iteration11.TestProductionCardPDF" name="test_pdf_a4" time="0.162" /><testcase classname="backend.tests.test_iteration11.TestRegression" name="test_smoke" time="0.576" /></testsuite></testsuites>