<?xml version="1.0" encoding="utf-8"?><testsuites name="pytest tests"><testsuite name="pytest" errors="0" failures="0" skipped="0" tests="19" time="1.994" timestamp="2026-06-27T08:43:01.068138+00:00" hostname="agent-env-25d3eba6-dd70-4807-8eef-ac0e50fdd229"><testcase classname="backend.tests.test_iteration13" name="test_health" time="0.459" /><testcase classname="backend.tests.test_iteration13" name="test_invoice_persistence_headers_and_doc" time="0.194" /><testcase classname="backend.tests.test_iteration13" name="test_invoice_file_redownload" time="0.085" /><testcase classname="backend.tests.test_iteration13" name="test_list_invoices_and_filters" time="0.130" /><testcase classname="backend.tests.test_iteration13" name="test_overdue_excludes_fresh_45day_invoice" time="0.042" /><testcase classname="backend.tests.test_iteration13" name="test_grn_attached_to_invoice" time="0.207" /><testcase classname="backend.tests.test_iteration13" name="test_grn_list_by_invoice" time="0.043" /><testcase classname="backend.tests.test_iteration13" name="test_payment_partial_then_full" time="0.210" /><testcase classname="backend.tests.test_iteration13" name="test_payments_listing" time="0.040" /><testcase classname="backend.tests.test_iteration13" name="test_clients_aggregate" time="0.082" /><testcase classname="backend.tests.test_iteration13" name="test_client_ledger_structure" time="0.044" /><testcase classname="backend.tests.test_iteration13" name="test_regression_smoke[/pos]" time="0.041" /><testcase classname="backend.tests.test_iteration13" name="test_regression_smoke[/workers]" time="0.040" /><testcase classname="backend.tests.test_iteration13" name="test_regression_smoke[/dashboard/overdue]" time="0.040" /><testcase classname="backend.tests.test_iteration13" name="test_regression_smoke[/production/archive]" time="0.041" /><testcase classname="backend.tests.test_iteration13" name="test_regression_smoke[/packing-templates]" time="0.039" /><testcase classname="backend.tests.test_iteration13" name="test_regression_smoke[/reports/payroll]" time="0.082" /><testcase classname="backend.tests.test_iteration13" name="test_regression_smoke[/reports/monthly-production]" time="0.040" /><testcase classname="backend.tests.test_iteration13" name="test_regression_smoke[/packing-lists]" time="0.041" /></testsuite></testsuites>