<?xml version="1.0" encoding="utf-8"?><testsuites name="pytest tests"><testsuite name="pytest" errors="0" failures="0" skipped="0" tests="10" time="7.587" timestamp="2026-06-26T14:40:18.635606+00:00" hostname="agent-env-25d3eba6-dd70-4807-8eef-ac0e50fdd229"><testcase classname="backend.tests.test_iteration12.TestSheinPDFExtract" name="test_top_fields" time="4.756" /><testcase classname="backend.tests.test_iteration12.TestSheinPDFExtract" name="test_first_line_item" time="0.000" /><testcase classname="backend.tests.test_iteration12.TestRegressionXlsxExtract" name="test_regression" time="0.057" /><testcase classname="backend.tests.test_iteration12.TestPackingListFull" name="test_generate_with_all_options" time="0.144" /><testcase classname="backend.tests.test_iteration12.TestPackingListFull" name="test_list_packing_lists" time="0.051" /><testcase classname="backend.tests.test_iteration12.TestPackingListFull" name="test_redownload_file" time="0.062" /><testcase classname="backend.tests.test_iteration12.TestMergedPackingList" name="test_merge_same_client" time="0.299" /><testcase classname="backend.tests.test_iteration12.TestMergedPackingList" name="test_merge_cross_client_rejected" time="0.102" /><testcase classname="backend.tests.test_iteration12.TestAutoPickTemplate" name="test_alias_match_then_fallback" time="0.372" /><testcase classname="backend.tests.test_iteration12.TestSmoke" name="test_smoke_endpoints" time="0.371" /></testsuite></testsuites>